  AssetManager.cpp
  Ball.cpp
c:\users\laurent\documents\01 - programmation\c++\projets\sfml_pong\sfml_pong\ball.cpp(28): warning C4244: 'argument' : conversion de 'time_t' en 'unsigned int', perte possible de données
  Game.cpp
  GameOverState.cpp
c:\users\laurent\documents\01 - programmation\c++\projets\sfml_pong\sfml_pong\gameoverstate.cpp(27): warning C4390: ';' : une instruction contrôlée a été trouvée vide ; est-ce ce que vous souhaitiez ?
  InputManager.cpp
c:\users\laurent\documents\01 - programmation\c++\projets\sfml_pong\sfml_pong\inputmanager.cpp(15): warning C4244: 'argument' : conversion de 'T' en 'T', perte possible de données
          with
          [
              T=float
          ]
          and
          [
              T=int
          ]
c:\users\laurent\documents\01 - programmation\c++\projets\sfml_pong\sfml_pong\inputmanager.cpp(15): warning C4244: 'argument' : conversion de 'const T' en 'T', perte possible de données
          with
          [
              T=float
          ]
          and
          [
              T=int
          ]
  main.cpp
  MainMenuState.cpp
  PlayState.cpp
c:\users\laurent\documents\01 - programmation\c++\projets\sfml_pong\sfml_pong\playstate.cpp(17): warning C4244: 'initialisation' : conversion de 'int' en 'float', perte possible de données
c:\users\laurent\documents\01 - programmation\c++\projets\sfml_pong\sfml_pong\playstate.cpp(25): warning C4244: 'initialisation' : conversion de 'int' en 'float', perte possible de données
c:\users\laurent\documents\01 - programmation\c++\projets\sfml_pong\sfml_pong\playstate.cpp(109): warning C4244: 'argument' : conversion de 'T' en 'float', perte possible de données
          with
          [
              T=unsigned int
          ]
  Racket.cpp
  SplashState.cpp
  StateMachine.cpp
  Génération de code en cours
  All 604 functions were compiled because no usable IPDB/IOBJ from previous compilation was found.
  Fin de la génération du code
  SFML_Pong.vcxproj -> C:\Users\Laurent\Documents\01 - Programmation\C++\Projets\SFML_Pong\Release\SFML_Pong.exe
